Determining if the pthread_create exist failed with the following output:
Change Dir: /home/jovyan/src/pcl/build/CMakeFiles/CMakeTmp

Run Build Command:"/usr/bin/make" "cmTC_4ee7c/fast"
/usr/bin/make -f CMakeFiles/cmTC_4ee7c.dir/build.make CMakeFiles/cmTC_4ee7c.dir/build
make[1]: Entering directory '/home/jovyan/src/pcl/build/CMakeFiles/CMakeTmp'
Building C object CMakeFiles/cmTC_4ee7c.dir/CheckSymbolExists.c.o
/usr/bin/cc     -o CMakeFiles/cmTC_4ee7c.dir/CheckSymbolExists.c.o   -c /home/jovyan/src/pcl/build/CMakeFiles/CMakeTmp/CheckSymbolExists.c
Linking C executable cmTC_4ee7c
/usr/bin/cmake -E cmake_link_script CMakeFiles/cmTC_4ee7c.dir/link.txt --verbose=1
/usr/bin/cc       CMakeFiles/cmTC_4ee7c.dir/CheckSymbolExists.c.o  -o cmTC_4ee7c -rdynamic 
CMakeFiles/cmTC_4ee7c.dir/CheckSymbolExists.c.o: In function `main':
CheckSymbolExists.c:(.text+0x16): undefined reference to `pthread_create'
collect2: error: ld returned 1 exit status
CMakeFiles/cmTC_4ee7c.dir/build.make:97: recipe for target 'cmTC_4ee7c' failed
make[1]: *** [cmTC_4ee7c] Error 1
make[1]: Leaving directory '/home/jovyan/src/pcl/build/CMakeFiles/CMakeTmp'
Makefile:126: recipe for target 'cmTC_4ee7c/fast' failed
make: *** [cmTC_4ee7c/fast] Error 2

File /home/jovyan/src/pcl/build/CMakeFiles/CMakeTmp/CheckSymbolExists.c:
/* */
#include <pthread.h>

int main(int argc, char** argv)
{
  (void)argv;
#ifndef pthread_create
  return ((int*)(&pthread_create))[argc];
#else
  (void)argc;
  return 0;
#endif
}

Determining if the function pthread_create exists in the pthreads failed with the following output:
Change Dir: /home/jovyan/src/pcl/build/CMakeFiles/CMakeTmp

Run Build Command:"/usr/bin/make" "cmTC_1ada2/fast"
/usr/bin/make -f CMakeFiles/cmTC_1ada2.dir/build.make CMakeFiles/cmTC_1ada2.dir/build
make[1]: Entering directory '/home/jovyan/src/pcl/build/CMakeFiles/CMakeTmp'
Building C object CMakeFiles/cmTC_1ada2.dir/CheckFunctionExists.c.o
/usr/bin/cc    -DCHECK_FUNCTION_EXISTS=pthread_create   -o CMakeFiles/cmTC_1ada2.dir/CheckFunctionExists.c.o   -c /usr/share/cmake-3.5/Modules/CheckFunctionExists.c
Linking C executable cmTC_1ada2
/usr/bin/cmake -E cmake_link_script CMakeFiles/cmTC_1ada2.dir/link.txt --verbose=1
/usr/bin/cc   -DCHECK_FUNCTION_EXISTS=pthread_create    CMakeFiles/cmTC_1ada2.dir/CheckFunctionExists.c.o  -o cmTC_1ada2 -rdynamic -lpthreads 
/usr/bin/ld: cannot find -lpthreads
collect2: error: ld returned 1 exit status
CMakeFiles/cmTC_1ada2.dir/build.make:97: recipe for target 'cmTC_1ada2' failed
make[1]: *** [cmTC_1ada2] Error 1
make[1]: Leaving directory '/home/jovyan/src/pcl/build/CMakeFiles/CMakeTmp'
Makefile:126: recipe for target 'cmTC_1ada2/fast' failed
make: *** [cmTC_1ada2/fast] Error 2


